1450279153.269893 client started (1533): socket /tmp/tmux-1000/default, protocol 8
1450279153.269946 on Linux 4.2.5-1-ARCH #1 SMP PREEMPT Tue Oct 27 08:13:28 CET 2015; libevent 2.0.22-stable (epoll)
1450279153.270004 socket is /tmp/tmux-1000/default
1450279153.270019 trying connect
1450279153.270122 add peer 0x21be190: 7 ((nil))
1450279153.270228 sending message 100 to peer 0x21be190 (4 bytes)
1450279153.270250 sending message 101 to peer 0x21be190 (7 bytes)
1450279153.270264 sending message 102 to peer 0x21be190 (11 bytes)
1450279153.270275 sending message 108 to peer 0x21be190 (34 bytes)
1450279153.270289 sending message 104 to peer 0x21be190 (0 bytes)
1450279153.270301 sending message 107 to peer 0x21be190 (4 bytes)
1450279153.270313 sending message 105 to peer 0x21be190 (11 bytes)
1450279153.270324 sending message 105 to peer 0x21be190 (18 bytes)
1450279153.270335 sending message 105 to peer 0x21be190 (20 bytes)
1450279153.270346 sending message 105 to peer 0x21be190 (20 bytes)
1450279153.270357 sending message 105 to peer 0x21be190 (22 bytes)
1450279153.270368 sending message 105 to peer 0x21be190 (12 bytes)
1450279153.270379 sending message 105 to peer 0x21be190 (18 bytes)
1450279153.270389 sending message 105 to peer 0x21be190 (22 bytes)
1450279153.270400 sending message 105 to peer 0x21be190 (23 bytes)
1450279153.270411 sending message 105 to peer 0x21be190 (14 bytes)
1450279153.270422 sending message 105 to peer 0x21be190 (20 bytes)
1450279153.270433 sending message 105 to peer 0x21be190 (58 bytes)
1450279153.270443 sending message 105 to peer 0x21be190 (52 bytes)
1450279153.270454 sending message 105 to peer 0x21be190 (41 bytes)
1450279153.270465 sending message 105 to peer 0x21be190 (94 bytes)
1450279153.270476 sending message 105 to peer 0x21be190 (35 bytes)
1450279153.270486 sending message 105 to peer 0x21be190 (41 bytes)
1450279153.270501 sending message 105 to peer 0x21be190 (25 bytes)
1450279153.270512 sending message 105 to peer 0x21be190 (130 bytes)
1450279153.270523 sending message 105 to peer 0x21be190 (30 bytes)
1450279153.270534 sending message 105 to peer 0x21be190 (42 bytes)
1450279153.270545 sending message 105 to peer 0x21be190 (13 bytes)
1450279153.270556 sending message 105 to peer 0x21be190 (38 bytes)
1450279153.270567 sending message 105 to peer 0x21be190 (21 bytes)
1450279153.270578 sending message 105 to peer 0x21be190 (21 bytes)
1450279153.270589 sending message 105 to peer 0x21be190 (17 bytes)
1450279153.270599 sending message 105 to peer 0x21be190 (13 bytes)
1450279153.270610 sending message 105 to peer 0x21be190 (15 bytes)
1450279153.270621 sending message 105 to peer 0x21be190 (8 bytes)
1450279153.270632 sending message 105 to peer 0x21be190 (20 bytes)
1450279153.270643 sending message 105 to peer 0x21be190 (21 bytes)
1450279153.270653 sending message 105 to peer 0x21be190 (29 bytes)
1450279153.270664 sending message 105 to peer 0x21be190 (25 bytes)
1450279153.270675 sending message 105 to peer 0x21be190 (17 bytes)
1450279153.270686 sending message 105 to peer 0x21be190 (42 bytes)
1450279153.270697 sending message 105 to peer 0x21be190 (54 bytes)
1450279153.270707 sending message 105 to peer 0x21be190 (25 bytes)
1450279153.270718 sending message 105 to peer 0x21be190 (13 bytes)
1450279153.270729 sending message 105 to peer 0x21be190 (31 bytes)
1450279153.270740 sending message 105 to peer 0x21be190 (21 bytes)
1450279153.270750 sending message 105 to peer 0x21be190 (25 bytes)
1450279153.270761 sending message 105 to peer 0x21be190 (20 bytes)
1450279153.270774 sending message 105 to peer 0x21be190 (38 bytes)
1450279153.270785 sending message 105 to peer 0x21be190 (15 bytes)
1450279153.270796 sending message 105 to peer 0x21be190 (16 bytes)
1450279153.270807 sending message 106 to peer 0x21be190 (0 bytes)
1450279153.270819 sending message 200 to peer 0x21be190 (4 bytes)
1450279153.270829 client loop enter
1450279153.271308 peer 0x21be190 message 211
1450279153.271366 peer 0x21be190 message 203
1450279153.271382 client loop exit
